E:\网络通信\Client\Client\Debug\cl.command.1.tlog
E:\网络通信\Client\Client\Debug\CL.read.1.tlog
E:\网络通信\Client\Client\Debug\CL.write.1.tlog
E:\网络通信\CLIENT\CLIENT\DEBUG\CLIENT.EXE.EMBED.MANIFEST
E:\网络通信\CLIENT\CLIENT\DEBUG\CLIENT.EXE.EMBED.MANIFEST.RES
E:\网络通信\CLIENT\CLIENT\DEBUG\CLIENT.EXE.INTERMEDIATE.MANIFEST
E:\网络通信\CLIENT\CLIENT\DEBUG\CLIENT.OBJ
E:\网络通信\CLIENT\CLIENT\DEBUG\CLIENT.PCH
E:\网络通信\CLIENT\CLIENT\DEBUG\CLIENT.RES
E:\网络通信\Client\Client\Debug\Client.write.1.tlog
E:\网络通信\Client\Client\Debug\Client_manifest.rc
E:\网络通信\CLIENT\CLIENT\DEBUG\CLIENTDLG.OBJ
E:\网络通信\CLIENT\CLIENT\DEBUG\CLIENTSOCKET.OBJ
E:\网络通信\Client\Client\Debug\link.command.1.tlog
E:\网络通信\Client\Client\Debug\link.read.1.tlog
E:\网络通信\Client\Client\Debug\link.write.1.tlog
E:\网络通信\Client\Client\Debug\link-cvtres.read.1.tlog
E:\网络通信\Client\Client\Debug\link-cvtres.write.1.tlog
E:\网络通信\Client\Client\Debug\mt.command.1.tlog
E:\网络通信\Client\Client\Debug\mt.read.1.tlog
E:\网络通信\Client\Client\Debug\mt.write.1.tlog
E:\网络通信\Client\Client\Debug\rc.command.1.tlog
E:\网络通信\Client\Client\Debug\rc.read.1.tlog
E:\网络通信\Client\Client\Debug\rc.write.1.tlog
E:\网络通信\CLIENT\CLIENT\DEBUG\STDAFX.OBJ
E:\网络通信\Client\Client\Debug\vc100.idb
E:\网络通信\CLIENT\CLIENT\DEBUG\VC100.PDB
E:\网络通信\CLIENT\DEBUG\CLIENT.EXE
E:\网络通信\CLIENT\DEBUG\CLIENT.ILK
E:\网络通信\CLIENT\DEBUG\CLIENT.PDB
