生成启动时间为 2016/11/6 14:52:39。
     1>项目“E:\网络通信\Server\Server\Server.vcxproj”在节点 2 上(build 个目标)。
     1>InitializeBuildStatus:
         正在创建“Debug\Server.unsuccessfulbuild”，因为已指定“AlwaysCreate”。
       ClCompile:
         所有输出均为最新。
         所有输出均为最新。
       ResourceCompile:
         C:\Program Files (x86)\Microsoft SDKs\Windows\v7.0A\bin\rc.exe /D _DEBUG /D _UNICODE /D UNICODE /D _AFXDLL /l"0x0804" /IDebug\ /nologo /fo"Debug\Server.res" Server.rc 
       ManifestResourceCompile:
         所有输出均为最新。
       Link:
         C:\Program Files (x86)\Microsoft Visual Studio 10.0\VC\bin\link.exe /ERRORREPORT:PROMPT /OUT:"E:\网络通信\Server\Debug\Server.exe" /INCREMENTAL /NOLOGO /MANIFEST /ManifestFile:"Debug\Server.exe.intermediate.manifest" /MANIFESTUAC:"level='asInvoker' uiAccess='false'" /DEBUG /PDB:"E:\网络通信\Server\Debug\Server.pdb" /SUBSYSTEM:WINDOWS /TLBID:1 /ENTRY:"wWinMainCRTStartup" /DYNAMICBASE /NXCOMPAT /IMPLIB:"E:\网络通信\Server\Debug\Server.lib" /MACHINE:X86 Debug\Server.res
         Debug\Server.exe.embed.manifest.res
         Debug\Server.obj
         Debug\ServerDlg.obj
         Debug\ServerSocket.obj
         Debug\stdafx.obj
       Manifest:
         C:\Program Files (x86)\Microsoft SDKs\Windows\v7.0A\bin\mt.exe /nologo /verbose /out:"Debug\Server.exe.embed.manifest" /manifest Debug\Server.exe.intermediate.manifest "C:\Program Files (x86)\Microsoft Visual Studio 10.0\VC\Include\Manifest\dpiaware.manifest"
         所有输出均为最新。
       LinkEmbedManifest:
         所有输出均为最新。
         Server.vcxproj -> E:\网络通信\Server\Debug\Server.exe
       FinalizeBuildStatus:
         正在删除文件“Debug\Server.unsuccessfulbuild”。
         正在对“Debug\Server.lastbuildstate”执行 Touch 任务。
     1>已完成生成项目“E:\网络通信\Server\Server\Server.vcxproj”(build 个目标)的操作。

生成成功。

已用时间 00:00:00.39
