E:\网络通信\SERVER\DEBUG\SERVER.EXE
E:\网络通信\SERVER\DEBUG\SERVER.ILK
E:\网络通信\SERVER\DEBUG\SERVER.PDB
E:\网络通信\Server\Server\Debug\cl.command.1.tlog
E:\网络通信\Server\Server\Debug\CL.read.1.tlog
E:\网络通信\Server\Server\Debug\CL.write.1.tlog
E:\网络通信\Server\Server\Debug\link.command.1.tlog
E:\网络通信\Server\Server\Debug\link.read.1.tlog
E:\网络通信\Server\Server\Debug\link.write.1.tlog
E:\网络通信\Server\Server\Debug\link-cvtres.read.1.tlog
E:\网络通信\Server\Server\Debug\link-cvtres.write.1.tlog
E:\网络通信\Server\Server\Debug\mt.command.1.tlog
E:\网络通信\Server\Server\Debug\mt.read.1.tlog
E:\网络通信\Server\Server\Debug\mt.write.1.tlog
E:\网络通信\Server\Server\Debug\rc.command.1.tlog
E:\网络通信\Server\Server\Debug\rc.read.1.tlog
E:\网络通信\Server\Server\Debug\rc.write.1.tlog
E:\网络通信\SERVER\SERVER\DEBUG\SERVER.EXE.EMBED.MANIFEST
E:\网络通信\SERVER\SERVER\DEBUG\SERVER.EXE.EMBED.MANIFEST.RES
E:\网络通信\SERVER\SERVER\DEBUG\SERVER.EXE.INTERMEDIATE.MANIFEST
E:\网络通信\SERVER\SERVER\DEBUG\SERVER.OBJ
E:\网络通信\SERVER\SERVER\DEBUG\SERVER.PCH
E:\网络通信\SERVER\SERVER\DEBUG\SERVER.RES
E:\网络通信\Server\Server\Debug\Server.write.1.tlog
E:\网络通信\Server\Server\Debug\Server_manifest.rc
E:\网络通信\SERVER\SERVER\DEBUG\SERVERDLG.OBJ
E:\网络通信\SERVER\SERVER\DEBUG\SERVERSOCKET.OBJ
E:\网络通信\SERVER\SERVER\DEBUG\STDAFX.OBJ
E:\网络通信\Server\Server\Debug\vc100.idb
E:\网络通信\SERVER\SERVER\DEBUG\VC100.PDB
